<?xml version="1.0" encoding="UTF-8"?>
<!-- Generated by org.testng.reporters.JUnitReportReporter -->
<testsuite skipped="0" hostname="admin" name="com.apitest.TC_04_PutHeader" tests="1" failures="0" timestamp="2021-05-26T11:37:48 IST" time="20.823" errors="0">
  <testcase name="GetTest" time="20.823" classname="com.apitest.TC_04_PutHeader"/>
  <system-out/>
</testsuite> <!-- com.apitest.TC_04_PutHeader -->
