<?xml version="1.0" encoding="UTF-8"?>
<!-- Generated by org.testng.reporters.JUnitReportReporter -->
<testsuite skipped="0" hostname="admin" name="com.apitest.TC_03_PutMethod" tests="1" failures="0" timestamp="2021-05-26T09:51:18 IST" time="5.548" errors="0">
  <testcase name="Put" time="5.548" classname="com.apitest.TC_03_PutMethod"/>
  <system-out/>
</testsuite> <!-- com.apitest.TC_03_PutMethod -->
