<?xml version="1.0" encoding="UTF-8"?>
<!-- Generated by org.testng.reporters.JUnitReportReporter -->
<testsuite skipped="0" hostname="admin" name="com.apitest.TC_02_PostMethod" tests="1" failures="0" timestamp="2021-05-26T11:00:37 IST" time="6.529" errors="0">
  <testcase name="Post" time="6.529" classname="com.apitest.TC_02_PostMethod"/>
  <system-out/>
</testsuite> <!-- com.apitest.TC_02_PostMethod -->
