<?xml version="1.0" encoding="UTF-8"?>
<!-- Generated by org.testng.reporters.JUnitReportReporter -->
<testsuite skipped="0" hostname="admin" name="com.apitest.TC_06_PatchMethod" tests="1" failures="0" timestamp="2021-05-26T10:45:00 IST" time="5.756" errors="0">
  <testcase name="Patch" time="5.756" classname="com.apitest.TC_06_PatchMethod"/>
  <system-out/>
</testsuite> <!-- com.apitest.TC_06_PatchMethod -->
