<?xml version="1.0" encoding="UTF-8"?>
<!-- Generated by org.testng.reporters.JUnitReportReporter -->
<testsuite skipped="0" hostname="admin" name="com.apitest.TC_01_GetMethod" tests="2" failures="0" timestamp="2021-05-26T09:49:19 IST" time="6.488" errors="0">
  <testcase name="TestBody" time="1.098" classname="com.apitest.TC_01_GetMethod"/>
  <system-out/>
  <testcase name="ResponseCode" time="5.390" classname="com.apitest.TC_01_GetMethod"/>
  <system-out/>
</testsuite> <!-- com.apitest.TC_01_GetMethod -->
