<?xml version="1.0" encoding="UTF-8"?>
<!-- Generated by org.testng.reporters.JUnitReportReporter -->
<testsuite skipped="0" hostname="admin" name="com.apitest.TC_05_Delete" tests="1" failures="0" timestamp="2021-05-26T11:50:39 IST" time="5.862" errors="0">
  <testcase name="GetTest" time="5.862" classname="com.apitest.TC_05_Delete"/>
  <system-out/>
</testsuite> <!-- com.apitest.TC_05_Delete -->
