<?xml version="1.0" encoding="UTF-8"?>
<!-- Generated by org.testng.reporters.JUnitReportReporter -->
<testsuite skipped="0" hostname="admin" name="com.apitest.TC_04_1_PutHeader" tests="1" failures="0" timestamp="2021-05-26T11:43:33 IST" time="14.017" errors="0">
  <testcase name="putt" time="14.017" classname="com.apitest.TC_04_1_PutHeader"/>
  <system-out/>
</testsuite> <!-- com.apitest.TC_04_1_PutHeader -->
