<?xml version="1.0" encoding="UTF-8"?>
<!-- Generated by org.testng.reporters.JUnitReportReporter -->
<testsuite ignored="0" hostname="LAPTOP-HKP3MAF8" failures="0" tests="1" name="qaf.example.tests.LoginTest" time="21.209" errors="0" timestamp="08 Jun 2021 03:41:18 GMT" skipped="0">
  <testcase classname="qaf.example.tests.LoginTest" name="LoginFunctionalityTest" time="21.209"/>
</testsuite> <!-- qaf.example.tests.LoginTest -->
