<?xml version="1.0" encoding="UTF-8"?>
<!-- Generated by org.testng.reporters.JUnitReportReporter -->
<testsuite ignored="12" hostname="LAPTOP-HKP3MAF8" failures="0" tests="1" name="qaf.example.tests.UploadFileTest" time="8.154" errors="0" timestamp="07 Jun 2021 10:07:44 GMT" skipped="0">
  <testcase classname="qaf.example.tests.UploadFileTest" name="uploadFileTest" time="8.154"/>
  <testcase classname="com.qmetry.qaf.automation.testng.TestNGTestCase" name="setupTest">
    <skipped/>
  </testcase> <!-- setupTest -->
  <testcase classname="com.qmetry.qaf.automation.testng.TestNGTestCase" name="setupTest">
    <skipped/>
  </testcase> <!-- setupTest -->
  <testcase classname="com.qmetry.qaf.automation.testng.TestNGTestCase" name="setupTest">
    <skipped/>
  </testcase> <!-- setupTest -->
  <testcase classname="com.qmetry.qaf.automation.testng.TestNGTestCase" name="setupTest">
    <skipped/>
  </testcase> <!-- setupTest -->
  <testcase classname="com.qmetry.qaf.automation.testng.TestNGTestCase" name="setupSuit">
    <skipped/>
  </testcase> <!-- setupSuit -->
  <testcase classname="com.qmetry.qaf.automation.testng.TestNGTestCase" name="setupSuit">
    <skipped/>
  </testcase> <!-- setupSuit -->
  <testcase classname="com.qmetry.qaf.automation.testng.TestNGTestCase" name="setupSuit">
    <skipped/>
  </testcase> <!-- setupSuit -->
  <testcase classname="com.qmetry.qaf.automation.testng.TestNGTestCase" name="setupSuit">
    <skipped/>
  </testcase> <!-- setupSuit -->
  <testcase classname="com.qmetry.qaf.automation.ui.AbstractTestCase" name="afterTest">
    <skipped/>
  </testcase> <!-- afterTest -->
  <testcase classname="com.qmetry.qaf.automation.ui.AbstractTestCase" name="afterTest">
    <skipped/>
  </testcase> <!-- afterTest -->
  <testcase classname="com.qmetry.qaf.automation.ui.AbstractTestCase" name="afterTest">
    <skipped/>
  </testcase> <!-- afterTest -->
  <testcase classname="com.qmetry.qaf.automation.ui.AbstractTestCase" name="afterTest">
    <skipped/>
  </testcase> <!-- afterTest -->
</testsuite> <!-- qaf.example.tests.UploadFileTest -->
