<?xml version="1.0" encoding="UTF-8"?>
<!-- Generated by org.testng.reporters.JUnitReportReporter -->
<testsuite ignored="0" hostname="LAPTOP-HKP3MAF8" failures="0" tests="1" name="qaf.example.demo.tests.RemoveCartTest" time="28.480" errors="0" timestamp="11 Jun 2021 08:59:49 GMT" skipped="0">
  <testcase classname="qaf.example.demo.tests.RemoveCartTest" name="Removecart" time="28.480"/>
</testsuite> <!-- qaf.example.demo.tests.RemoveCartTest -->
