<?xml version="1.0" encoding="UTF-8"?>
<!-- Generated by org.testng.reporters.JUnitReportReporter -->
<testsuite ignored="0" hostname="LAPTOP-HKP3MAF8" failures="0" tests="1" name="qaf.example.demo.tests.ContactusTest" time="31.632" errors="0" timestamp="10 Jun 2021 06:16:10 GMT" skipped="0">
  <testcase classname="qaf.example.demo.tests.ContactusTest" name="ContactUsTest" time="31.632"/>
</testsuite> <!-- qaf.example.demo.tests.ContactusTest -->
