<?xml version="1.0" encoding="UTF-8"?>
<!-- Generated by org.testng.reporters.JUnitReportReporter -->
<testsuite ignored="0" hostname="LAPTOP-HKP3MAF8" failures="0" tests="1" name="qaf.example.demo.tests.AddAddressTest" time="30.022" errors="0" timestamp="11 Jun 2021 05:33:27 GMT" skipped="0">
  <testcase classname="qaf.example.demo.tests.AddAddressTest" name="AddressTest" time="30.022"/>
</testsuite> <!-- qaf.example.demo.tests.AddAddressTest -->
