<?xml version="1.0" encoding="UTF-8"?>
<!-- Generated by org.testng.reporters.JUnitReportReporter -->
<testsuite ignored="0" hostname="LAPTOP-HKP3MAF8" failures="0" tests="1" name="qaf.example.tests.SampleTest" time="38.484" errors="0" timestamp="02 Jun 2021 03:42:32 GMT" skipped="0">
  <testcase classname="qaf.example.tests.SampleTest" name="testGoogleSearch" time="38.484"/>
</testsuite> <!-- qaf.example.tests.SampleTest -->
