<?xml version="1.0" encoding="UTF-8"?>
<!-- Generated by org.testng.reporters.JUnitReportReporter -->
<testsuite ignored="0" hostname="LAPTOP-HKP3MAF8" failures="0" tests="1" name="qaf.example.demo.tests.LoginTest" time="13.257" errors="0" timestamp="09 Jun 2021 03:57:24 GMT" skipped="0">
  <testcase classname="qaf.example.demo.tests.LoginTest" name="LoginTestFunctionality" time="13.257"/>
</testsuite> <!-- qaf.example.demo.tests.LoginTest -->
