<?xml version="1.0" encoding="UTF-8"?>
<!-- Generated by org.testng.reporters.JUnitReportReporter -->
<testsuite hostname="DESKTOP-0QAANOK" failures="0" tests="1" name="com.qa.tests.PutTest" time="1.103" errors="0" timestamp="2021-05-26T12:24:12 IST" skipped="0">
  <testcase classname="com.qa.tests.PutTest" name="getAPITest" time="1.103"/>
  <system-out/>
</testsuite> <!-- com.qa.tests.PutTest -->
