<?xml version="1.0" encoding="UTF-8"?>
<!-- Generated by org.testng.reporters.JUnitReportReporter -->
<testsuite hostname="DESKTOP-0QAANOK" failures="0" tests="1" name="com.qa.testCases.PutReqWithHeader" time="1.891" errors="0" timestamp="2021-05-26T11:47:26 IST" skipped="0">
  <testcase classname="com.qa.testCases.PutReqWithHeader" name="putTest" time="1.891"/>
  <system-out/>
</testsuite> <!-- com.qa.testCases.PutReqWithHeader -->
