<?xml version="1.0" encoding="UTF-8"?>
<!-- Generated by org.testng.reporters.JUnitReportReporter -->
<testsuite hostname="DESKTOP-0QAANOK" failures="0" tests="1" name="com.qa.testCases.PostRequest" time="2.133" errors="0" timestamp="2021-05-26T12:21:47 IST" skipped="0">
  <testcase classname="com.qa.testCases.PostRequest" name="postTest" time="2.133"/>
  <system-out/>
</testsuite> <!-- com.qa.testCases.PostRequest -->
