<?xml version="1.0" encoding="UTF-8"?>
<!-- Generated by org.testng.reporters.JUnitReportReporter -->
<testsuite hostname="DESKTOP-0QAANOK" failures="0" tests="1" name="com.qa.testCases.PatchRequest" time="1.942" errors="0" timestamp="2021-05-26T12:25:23 IST" skipped="0">
  <testcase classname="com.qa.testCases.PatchRequest" name="patchTest" time="1.942"/>
  <system-out/>
</testsuite> <!-- com.qa.testCases.PatchRequest -->
