<?xml version="1.0" encoding="UTF-8"?>
<!-- Generated by org.testng.reporters.JUnitReportReporter -->
<testsuite hostname="DESKTOP-0QAANOK" failures="0" tests="1" name="com.qa.testCases.GetRequest" time="1.705" errors="0" timestamp="2021-05-26T12:18:51 IST" skipped="0">
  <testcase classname="com.qa.testCases.GetRequest" name="GetTest" time="1.705"/>
  <system-out/>
</testsuite> <!-- com.qa.testCases.GetRequest -->
