<?xml version="1.0" encoding="UTF-8"?>
<!-- Generated by org.testng.reporters.JUnitReportReporter -->
<testsuite hostname="DESKTOP-0QAANOK" failures="0" tests="1" name="com.qa.getRequest.GetRequest" time="2.211" errors="0" timestamp="2021-05-25T19:48:46 IST" skipped="0">
  <testcase classname="com.qa.getRequest.GetRequest" name="TestExample" time="2.211"/>
  <system-out/>
</testsuite> <!-- com.qa.getRequest.GetRequest -->
