<?xml version="1.0" encoding="UTF-8"?>
<!-- Generated by org.testng.reporters.JUnitReportReporter -->
<testsuite hostname="DESKTOP-0QAANOK" failures="0" tests="1" name="com.qa.postRequest.PostRequest" time="1.959" errors="0" timestamp="2021-05-26T09:30:35 IST" skipped="0">
  <testcase classname="com.qa.postRequest.PostRequest" name="postTest" time="1.959"/>
  <system-out/>
</testsuite> <!-- com.qa.postRequest.PostRequest -->
