<?xml version="1.0" encoding="UTF-8"?>
<!-- Generated by org.testng.reporters.JUnitReportReporter -->
<testsuite hostname="DESKTOP-0QAANOK" failures="0" tests="1" name="com.qa.postRequest.PostReqJson" time="1.971" errors="0" timestamp="2021-05-26T09:11:55 IST" skipped="0">
  <testcase classname="com.qa.postRequest.PostReqJson" name="PostRequest" time="1.971"/>
  <system-out/>
</testsuite> <!-- com.qa.postRequest.PostReqJson -->
