<?xml version="1.0" encoding="UTF-8"?>
<!-- Generated by org.testng.reporters.JUnitReportReporter -->
<testsuite hostname="DESKTOP-0QAANOK" failures="0" tests="1" name="com.qa.testCases.PutRequest" time="1.919" errors="0" timestamp="2021-05-26T12:22:16 IST" skipped="0">
  <testcase classname="com.qa.testCases.PutRequest" name="putTest" time="1.919"/>
  <system-out/>
</testsuite> <!-- com.qa.testCases.PutRequest -->
