<?xml version="1.0" encoding="UTF-8"?>
<!-- Generated by org.testng.reporters.JUnitReportReporter -->
<testsuite hostname="DESKTOP-0QAANOK" failures="0" tests="1" name="com.qa.testCases.DeleteRequest" time="1.974" errors="0" timestamp="2021-05-26T12:24:51 IST" skipped="0">
  <testcase classname="com.qa.testCases.DeleteRequest" name="postTest" time="1.974"/>
  <system-out/>
</testsuite> <!-- com.qa.testCases.DeleteRequest -->
