<?xml version="1.0" encoding="UTF-8"?>
<!-- Generated by org.testng.reporters.JUnitReportReporter -->
<testsuite hostname="LAPTOP-HKP3MAF8" failures="0" tests="1" name="com.selenium.hackathon2.tests.VerifyHomePageLogo" time="5.182" errors="0" timestamp="2021-05-17T17:03:43 IST" skipped="0">
  <testcase classname="com.selenium.hackathon2.tests.VerifyHomePageLogo" name="VerifyHomePageTitle" time="5.182"/>
  <system-out/>
</testsuite> <!-- com.selenium.hackathon2.tests.VerifyHomePageLogo -->
