<?xml version="1.0" encoding="UTF-8"?>
<!-- Generated by org.testng.reporters.JUnitReportReporter -->
<testsuite hostname="LAPTOP-HKP3MAF8" failures="0" tests="1" name="com.selenium.hackathon2.tests.SigninAccountTest" time="6.335" errors="0" timestamp="2021-05-18T20:52:42 IST" skipped="0">
  <testcase classname="com.selenium.hackathon2.tests.SigninAccountTest" name="signInTest" time="6.335"/>
  <system-out/>
</testsuite> <!-- com.selenium.hackathon2.tests.SigninAccountTest -->
