<?xml version="1.0" encoding="UTF-8"?>
<!-- Generated by org.testng.reporters.JUnitReportReporter -->
<testsuite skipped="0" hostname="admin" name="com.website.testcases.TC_RemoveCart" tests="1" failures="0" timestamp="2021-05-19T10:19:42 IST" time="104.921" errors="0">
  <testcase name="Remove" time="104.921" classname="com.website.testcases.TC_RemoveCart"/>
  <system-out/>
</testsuite> <!-- com.website.testcases.TC_RemoveCart -->
