<?xml version="1.0" encoding="UTF-8"?>
<!-- Generated by org.testng.reporters.JUnitReportReporter -->
<testsuite skipped="0" hostname="admin" name="com.website.testcases.TC_ZipCode" tests="1" failures="0" timestamp="2021-05-19T11:25:22 IST" time="134.216" errors="0">
  <testcase name="Zip" time="134.216" classname="com.website.testcases.TC_ZipCode"/>
  <system-out/>
</testsuite> <!-- com.website.testcases.TC_ZipCode -->
