<?xml version="1.0" encoding="UTF-8"?>
<!-- Generated by org.testng.reporters.JUnitReportReporter -->
<testsuite skipped="0" hostname="admin" name="com.website.testcases.TC_search_product" tests="1" failures="0" timestamp="2021-05-18T10:01:42 IST" time="9.169" errors="0">
  <testcase name="Test_Search_product" time="9.169" classname="com.website.testcases.TC_search_product"/>
  <system-out/>
</testsuite> <!-- com.website.testcases.TC_search_product -->
