<?xml version="1.0" encoding="UTF-8"?>
<!-- Generated by org.testng.reporters.JUnitReportReporter -->
<testsuite skipped="0" hostname="admin" name="com.website.testcases.TC_create" tests="1" failures="0" timestamp="2021-05-18T09:40:14 IST" time="20.372" errors="0">
  <testcase name="create" time="20.372" classname="com.website.testcases.TC_create"/>
  <system-out/>
</testsuite> <!-- com.website.testcases.TC_create -->
