<?xml version="1.0" encoding="UTF-8"?>
<!-- Generated by org.testng.reporters.JUnitReportReporter -->
<testsuite skipped="0" hostname="admin" name="com.website.testcases.TC_ApplyFilter" tests="1" failures="0" timestamp="2021-05-18T19:36:47 IST" time="108.241" errors="0">
  <testcase name="Select" time="108.241" classname="com.website.testcases.TC_ApplyFilter"/>
  <system-out/>
</testsuite> <!-- com.website.testcases.TC_ApplyFilter -->
