<?xml version="1.0" encoding="UTF-8"?>
<!-- Generated by org.testng.reporters.JUnitReportReporter -->
<testsuite skipped="0" hostname="admin" name="com.website.testcases.TC_Logout" tests="1" failures="0" timestamp="2021-05-18T11:29:37 IST" time="16.671" errors="0">
  <testcase name="Logout" time="16.671" classname="com.website.testcases.TC_Logout"/>
  <system-out/>
</testsuite> <!-- com.website.testcases.TC_Logout -->
