<?xml version="1.0" encoding="UTF-8"?>
<!-- Generated by org.testng.reporters.JUnitReportReporter -->
<testsuite skipped="0" hostname="admin" name="com.website.testcases.TC_LiveChatinvalid" tests="1" failures="0" timestamp="2021-05-18T18:19:11 IST" time="23.840" errors="0">
  <testcase name="LiveChat" time="23.840" classname="com.website.testcases.TC_LiveChatinvalid"/>
  <system-out/>
</testsuite> <!-- com.website.testcases.TC_LiveChatinvalid -->
