<?xml version="1.0" encoding="UTF-8"?>
<!-- Generated by org.testng.reporters.JUnitReportReporter -->
<testsuite skipped="0" hostname="admin" name="com.website.testcases.TC_LiveChat" tests="1" failures="0" timestamp="2021-05-18T17:36:50 IST" time="26.114" errors="0">
  <testcase name="LiveChat" time="26.114" classname="com.website.testcases.TC_LiveChat"/>
  <system-out/>
</testsuite> <!-- com.website.testcases.TC_LiveChat -->
