<?xml version="1.0" encoding="UTF-8"?>
<!-- Generated by org.testng.reporters.JUnitReportReporter -->
<testsuite skipped="0" hostname="admin" name="com.website.testcases.TC_CeilingLights" tests="1" failures="0" timestamp="2021-05-18T18:24:00 IST" time="51.778" errors="0">
  <testcase name="Select" time="51.778" classname="com.website.testcases.TC_CeilingLights"/>
  <system-out/>
</testsuite> <!-- com.website.testcases.TC_CeilingLights -->
