<?xml version="1.0" encoding="UTF-8"?>
<!-- Generated by org.testng.reporters.JUnitReportReporter -->
<testsuite skipped="0" hostname="admin" name="com.website.testcases.TC_AddtoCart" tests="1" failures="0" timestamp="2021-05-19T10:06:01 IST" time="83.989" errors="0">
  <testcase name="Add" time="83.989" classname="com.website.testcases.TC_AddtoCart"/>
  <system-out/>
</testsuite> <!-- com.website.testcases.TC_AddtoCart -->
