<?xml version="1.0" encoding="UTF-8"?>
<!-- Generated by org.testng.reporters.JUnitReportReporter -->
<testsuite skipped="0" hostname="admin" name="com.website.testcases.TC_VerifyQuantity" tests="1" failures="0" timestamp="2021-05-19T11:33:14 IST" time="105.331" errors="0">
  <testcase name="Increase" time="105.331" classname="com.website.testcases.TC_VerifyQuantity"/>
  <system-out/>
</testsuite> <!-- com.website.testcases.TC_VerifyQuantity -->
