<?xml version="1.0" encoding="UTF-8"?>
<!-- Generated by org.testng.reporters.JUnitReportReporter -->
<testsuite skipped="0" hostname="admin" name="com.website.testcases.TC_Logo" tests="1" failures="0" timestamp="2021-05-18T11:58:46 IST" time="5.410" errors="0">
  <testcase name="Logo" time="5.410" classname="com.website.testcases.TC_Logo"/>
  <system-out/>
</testsuite> <!-- com.website.testcases.TC_Logo -->
