<?xml version="1.0" encoding="UTF-8"?>
<!-- Generated by org.testng.reporters.JUnitReportReporter -->
<testsuite skipped="0" hostname="admin" name="com.website.testcases.TC_ScrollUp_Down" tests="1" failures="0" timestamp="2021-05-18T10:09:25 IST" time="8.605" errors="0">
  <testcase name="scroll" time="8.605" classname="com.website.testcases.TC_ScrollUp_Down"/>
  <system-out/>
</testsuite> <!-- com.website.testcases.TC_ScrollUp_Down -->
