<?xml version="1.0" encoding="UTF-8"?>
<!-- Generated by org.testng.reporters.JUnitReportReporter -->
<testsuite skipped="0" hostname="admin" name="com.website.testcases.TC_VerifyHome" tests="1" failures="0" timestamp="2021-05-19T11:41:07 IST" time="35.581" errors="0">
  <testcase name="Home" time="35.581" classname="com.website.testcases.TC_VerifyHome"/>
  <system-out/>
</testsuite> <!-- com.website.testcases.TC_VerifyHome -->
