<?xml version="1.0" encoding="UTF-8"?>
<!-- Generated by org.testng.reporters.JUnitReportReporter -->
<testsuite skipped="0" hostname="admin" name="com.website.testcases.TC_CouponCode" tests="1" failures="0" timestamp="2021-05-19T11:01:16 IST" time="141.828" errors="0">
  <testcase name="coupon" time="141.828" classname="com.website.testcases.TC_CouponCode"/>
  <system-out/>
</testsuite> <!-- com.website.testcases.TC_CouponCode -->
