<?xml version="1.0" encoding="UTF-8"?>
<!-- Generated by org.testng.reporters.JUnitReportReporter -->
<testsuite skipped="0" hostname="admin" name="com.website.testcases.TC_Viewcart" tests="1" failures="0" timestamp="2021-05-19T09:33:31 IST" time="286.277" errors="0">
  <testcase name="Add" time="286.277" classname="com.website.testcases.TC_Viewcart"/>
  <system-out/>
</testsuite> <!-- com.website.testcases.TC_Viewcart -->
