<?xml version="1.0" encoding="UTF-8"?>
<!-- Generated by org.testng.reporters.JUnitReportReporter -->
<testsuite skipped="0" hostname="admin" name="com.website.testcases.TC_VerfiyTitle" tests="1" failures="0" timestamp="2021-05-18T18:24:51 IST" time="12.383" errors="0">
  <testcase name="Title" time="12.383" classname="com.website.testcases.TC_VerfiyTitle"/>
  <system-out/>
</testsuite> <!-- com.website.testcases.TC_VerfiyTitle -->
