<?xml version="1.0" encoding="UTF-8"?>
<!-- Generated by org.testng.reporters.JUnitReportReporter -->
<testsuite hostname="DESKTOP-0QAANOK" failures="0" tests="1" name="com.website.testcases.TC_Signin_YLighting" time="1.067" errors="0" timestamp="2021-05-18T20:27:00 IST" skipped="0">
  <testcase classname="com.website.testcases.TC_Signin_YLighting" name="SigninTest" time="1.067"/>
  <system-out/>
</testsuite> <!-- com.website.testcases.TC_Signin_YLighting -->
