<?xml version="1.0" encoding="UTF-8"?>
<!-- Generated by org.testng.reporters.JUnitReportReporter -->
<testsuite hostname="DESKTOP-0QAANOK" failures="0" tests="1" name="com.website.testcases.TC_Select_Ceiling" time="4.847" errors="0" timestamp="2021-05-19T09:07:15 IST" skipped="0">
  <testcase classname="com.website.testcases.TC_Select_Ceiling" name="Select_Test" time="4.847"/>
  <system-out/>
</testsuite> <!-- com.website.testcases.TC_Select_Ceiling -->
