<?xml version="1.0" encoding="UTF-8"?>
<!-- Generated by org.testng.reporters.JUnitReportReporter -->
<testsuite hostname="DESKTOP-0QAANOK" failures="0" tests="1" name="com.website.testcases.TC_Scroll_up_down" time="0.813" errors="0" timestamp="2021-05-18T20:27:00 IST" skipped="0">
  <testcase classname="com.website.testcases.TC_Scroll_up_down" name="scroll" time="0.813"/>
  <system-out/>
</testsuite> <!-- com.website.testcases.TC_Scroll_up_down -->
