<?xml version="1.0" encoding="UTF-8"?>
<!-- Generated by org.testng.reporters.JUnitReportReporter -->
<testsuite hostname="DESKTOP-0QAANOK" failures="0" tests="1" name="com.website.testcases.TC_search_add_cart" time="1.128" errors="0" timestamp="2021-05-17T11:38:47 IST" skipped="0">
  <testcase classname="com.website.testcases.TC_search_add_cart" name="Test_Search_add" time="1.128"/>
  <system-out/>
</testsuite> <!-- com.website.testcases.TC_search_add_cart -->
