<?xml version="1.0" encoding="UTF-8"?>
<!-- Generated by org.testng.reporters.JUnitReportReporter -->
<testsuite hostname="DESKTOP-0QAANOK" failures="0" tests="1" name="com.website.testcases.TC_Inc_Quantity" time="26.597" errors="0" timestamp="2021-05-18T20:27:00 IST" skipped="0">
  <testcase classname="com.website.testcases.TC_Inc_Quantity" name="increase" time="26.597"/>
  <system-out/>
</testsuite> <!-- com.website.testcases.TC_Inc_Quantity -->
