<?xml version="1.0" encoding="UTF-8"?>
<!-- Generated by org.testng.reporters.JUnitReportReporter -->
<testsuite hostname="DESKTOP-0QAANOK" failures="0" tests="1" name="com.website.testcases.TC_Apply_Filter_select_product" time="23.889" errors="0" timestamp="2021-05-18T20:27:00 IST" skipped="0">
  <testcase classname="com.website.testcases.TC_Apply_Filter_select_product" name="apply_filter" time="23.889"/>
  <system-out/>
</testsuite> <!-- com.website.testcases.TC_Apply_Filter_select_product -->
