<?xml version="1.0" encoding="UTF-8"?>
<!-- Generated by org.testng.reporters.JUnitReportReporter -->
<testsuite ignored="1" hostname="LAPTOP-HKP3MAF8" failures="0" tests="1" name="com.practice.restclient.GetClient" time="1.935" errors="0" timestamp="28 May 2021 10:50:04 GMT" skipped="0">
  <testcase classname="com.practice.restclient.GetClient" name="getPetByID" time="1.935"/>
  <testcase classname="com.practice.restclient.GetClient" name="getPetByStatus">
    <skipped/>
  </testcase> <!-- getPetByStatus -->
</testsuite> <!-- com.practice.restclient.GetClient -->
