<?xml version="1.0" encoding="UTF-8"?>
<!-- Generated by org.testng.reporters.JUnitReportReporter -->
<testsuite ignored="0" hostname="LAPTOP-HKP3MAF8" failures="0" tests="1" name="com.practice.restclient.DeleteClient" time="1.670" errors="0" timestamp="28 May 2021 08:18:56 GMT" skipped="0">
  <testcase classname="com.practice.restclient.DeleteClient" name="getPetByID" time="1.670"/>
</testsuite> <!-- com.practice.restclient.DeleteClient -->
