<?xml version="1.0" encoding="UTF-8"?>
<!-- Generated by org.testng.reporters.JUnitReportReporter -->
<testsuite ignored="0" hostname="LAPTOP-HKP3MAF8" failures="0" tests="1" name="com.practice.restclient.PutClient" time="1.477" errors="0" timestamp="28 May 2021 08:18:18 GMT" skipped="0">
  <testcase classname="com.practice.restclient.PutClient" name="createPetPUT" time="1.477"/>
</testsuite> <!-- com.practice.restclient.PutClient -->
