<?xml version="1.0" encoding="UTF-8"?>
<!-- Generated by org.testng.reporters.JUnitReportReporter -->
<testsuite ignored="0" hostname="LAPTOP-HKP3MAF8" failures="0" tests="1" name="com.practice.restclient.PostClient" time="1.591" errors="0" timestamp="28 May 2021 10:49:33 GMT" skipped="0">
  <testcase classname="com.practice.restclient.PostClient" name="createPetPOST" time="1.591"/>
</testsuite> <!-- com.practice.restclient.PostClient -->
