<?xml version="1.0" encoding="UTF-8"?>
<!-- Generated by org.testng.reporters.JUnitReportReporter -->
<testsuite hostname="LAPTOP-HKP3MAF8" failures="0" tests="1" name="com.rest.apimethods.PatchMethod" time="24.536" errors="0" timestamp="2021-05-26T13:42:17 IST" skipped="0">
  <testcase classname="com.rest.apimethods.PatchMethod" name="testPatchMethod" time="24.536"/>
  <system-out/>
</testsuite> <!-- com.rest.apimethods.PatchMethod -->
