<?xml version="1.0" encoding="UTF-8"?>
<!-- Generated by org.testng.reporters.JUnitReportReporter -->
<testsuite hostname="LAPTOP-HKP3MAF8" failures="0" tests="1" name="com.rest.apimethods.PutMethodHeaders" time="25.923" errors="0" timestamp="2021-05-26T13:41:37 IST" skipped="0">
  <testcase classname="com.rest.apimethods.PutMethodHeaders" name="testPutmethodheaders" time="25.923"/>
  <system-out/>
</testsuite> <!-- com.rest.apimethods.PutMethodHeaders -->
