<?xml version="1.0" encoding="UTF-8"?>
<!-- Generated by org.testng.reporters.JUnitReportReporter -->
<testsuite hostname="LAPTOP-HKP3MAF8" failures="0" tests="1" name="com.rest.apimethods.PutMethod" time="3.374" errors="0" timestamp="2021-05-26T13:39:33 IST" skipped="0">
  <testcase classname="com.rest.apimethods.PutMethod" name="testPutMethod" time="3.374"/>
  <system-out/>
</testsuite> <!-- com.rest.apimethods.PutMethod -->
