<?xml version="1.0" encoding="UTF-8"?>
<!-- Generated by org.testng.reporters.JUnitReportReporter -->
<testsuite hostname="LAPTOP-HKP3MAF8" failures="0" tests="1" name="com.rest.apimethods.GetMethod" time="24.511" errors="0" timestamp="2021-05-26T13:38:57 IST" skipped="0">
  <testcase classname="com.rest.apimethods.GetMethod" name="testGetMethod" time="24.511"/>
  <system-out/>
</testsuite> <!-- com.rest.apimethods.GetMethod -->
