<?xml version="1.0" encoding="UTF-8"?>
<!-- Generated by org.testng.reporters.JUnitReportReporter -->
<testsuite hostname="LAPTOP-HKP3MAF8" failures="0" tests="1" name="com.rest.apimethods.PostMethod" time="3.341" errors="0" timestamp="2021-05-26T13:39:20 IST" skipped="0">
  <testcase classname="com.rest.apimethods.PostMethod" name="testPostMethod" time="3.341"/>
  <system-out/>
</testsuite> <!-- com.rest.apimethods.PostMethod -->
